<?xml version="1.0" encoding="utf-8"?><testsuites><testsuite name="pytest" errors="0" failures="0" skipped="0" tests="9" time="3.598" timestamp="2023-03-28T14:34:46.898586" hostname="DESKTOP-7EF4GKC"><testcase classname="panel.tests.test_weather.WeatherTest" name="test_fetchOpenWeather" time="2.570" /><testcase classname="panel.tests.test_weather.WeatherTest" name="test_seperateTemperatures" time="0.004" /><testcase classname="panel.tests.tests_recomender.RecommenderTest" name="test_post" time="0.218" /><testcase classname="panel.tests.tests_recomender.RecommenderTest" name="test_recomender_api" time="0.475" /><testcase classname="panel.tests.tests_riskcalc.RiskcalcTest" name="test_all" time="0.004" /><testcase classname="panel.tests.tests_riskcalc.RiskcalcTest" name="test_botrytis" time="0.003" /><testcase classname="panel.tests.tests_riskcalc.RiskcalcTest" name="test_format" time="0.002" /><testcase classname="panel.tests.tests_riskcalc.RiskcalcTest" name="test_lwd" time="0.004" /><testcase classname="panel.tests.tests_riskcalc.RiskcalcTest" name="test_pests" time="0.005" /></testsuite></testsuites>